C:\downloads\sr1\sr1\sr1\Debug\cl.command.1.tlog
C:\downloads\sr1\sr1\sr1\Debug\CL.read.1.tlog
C:\downloads\sr1\sr1\sr1\Debug\CL.write.1.tlog
C:\DOWNLOADS\SR1\SR1\SR1\DEBUG\DETOUR.OBJ
C:\downloads\sr1\sr1\sr1\Debug\link.command.1.tlog
C:\downloads\sr1\sr1\sr1\Debug\link.read.1.tlog
C:\downloads\sr1\sr1\sr1\Debug\link.write.1.tlog
C:\DOWNLOADS\SR1\SR1\SR1\DEBUG\PLAYER.OBJ
C:\DOWNLOADS\SR1\SR1\SR1\DEBUG\SOCK.OBJ
C:\DOWNLOADS\SR1\SR1\SR1\DEBUG\SR1.EXE
C:\DOWNLOADS\SR1\SR1\SR1\DEBUG\SR1.ILK
C:\DOWNLOADS\SR1\SR1\SR1\DEBUG\SR1.OBJ
C:\DOWNLOADS\SR1\SR1\SR1\DEBUG\SR1.PCH
C:\DOWNLOADS\SR1\SR1\SR1\DEBUG\SR1.PDB
C:\downloads\sr1\sr1\sr1\Debug\sr1.xdb
C:\downloads\sr1\sr1\sr1\Debug\sr1.xex
C:\DOWNLOADS\SR1\SR1\SR1\DEBUG\STDAFX.OBJ
C:\DOWNLOADS\SR1\SR1\SR1\DEBUG\TOOLS.OBJ
C:\DOWNLOADS\SR1\SR1\SR1\DEBUG\UTIL.OBJ
C:\downloads\sr1\sr1\sr1\Debug\vc100.idb
C:\DOWNLOADS\SR1\SR1\SR1\DEBUG\VC100.PDB
C:\DOWNLOADS\SR1\SR1\SR1\DEBUG\WAVE.OBJ
